<?xml version="1.0" encoding="utf-8"?><testsuites name="pytest tests"><testsuite name="pytest" errors="0" failures="0" skipped="0" tests="7" time="1.232" timestamp="2026-06-12T15:29:34.495515+08:00" hostname="Cobb"><testcase classname="testcase.Single interface.test_debug_api.TestUserManager" name="test_jay1[1-2]" time="0.084" /><testcase classname="testcase.Single interface.test_debug_api.TestUserManager" name="test_jay1[3-4]" time="0.002" /><testcase classname="testcase.Single interface.test_debug_api.TestUserManager" name="test_login[base_info0-testcase0]" time="0.016" /><testcase classname="testcase.Single interface.test_debug_api.TestUserManager" name="test_add_user[base_info0-testcase0]" time="0.016" /><testcase classname="testcase.Single interface.test_debug_api.TestUserManager" name="test_add_user[base_info1-testcase1]" time="0.027" /><testcase classname="testcase.Single interface.test_debug_api.TestUserManager" name="test_add_user[base_info2-testcase2]" time="0.029" /><testcase classname="testcase.Single interface.test_debug_api.TestUserManager" name="test_add_user[base_info3-testcase3]" time="0.015" /></testsuite></testsuites>